Torch version: 2.7.1+cu118
torch.version.cuda: 11.8
GPU: NVIDIA A100-SXM4-40GB
Required arch: sm_80
Torch arch list: sm_50 sm_60 sm_70 sm_75 sm_80 sm_86 sm_37 sm_90
Device: cuda
Dataset kind: espfi_mat
Data root: /gpfs/workdir/balazsk/test/ModelCode/Data
Scenes: [1, 2, 3, 4]
Inferred activity-id mapping: {1: 'run', 2: 'walk', 3: 'jump', 4: 'squat', 5: 'arm_wave', 6: 'turn', 7: 'fall'}
Activity order: ['arm_wave', 'fall', 'jump', 'run', 'squat', 'turn', 'walk']
Total samples: 560
Scenes: [3]
Subjects: [1, 2, 3, 4, 5, 6, 7, 8]
Activities: ['arm_wave', 'fall', 'jump', 'run', 'squat', 'turn', 'walk']

Samples per scene:
   scene    scene_name    n
0      3  Meeting room  560
[warn] scene=1 missing in manifest, skipping.
[warn] scene=2 missing in manifest, skipping.
[warn] scene=4 missing in manifest, skipping.
Total LOSO folds: 8
Saved: /gpfs/workdir/balazsk/test/ModelCode/benchmark_outputs/benchmark_fold_results.csv
Saved: /gpfs/workdir/balazsk/test/ModelCode/benchmark_outputs/benchmark_scene_summary.csv
Saved: /gpfs/workdir/balazsk/test/ModelCode/benchmark_outputs/benchmark_vs_paper_table4.csv
Saved: /gpfs/workdir/balazsk/test/ModelCode/benchmark_outputs/benchmark_vs_paper_table4.md

Scene summary (rounded):
model_type            model  scene   scene_name  folds  acc_mean  acc_std  f1_mean
        DL              CNN      3 Meeting room      8     45.18     9.93    43.27
        DL EfficientNetLite      3 Meeting room      8     61.96     8.19    60.25
        DL              GRU      3 Meeting room      8     26.79     7.35    23.19
        DL             LSTM      3 Meeting room      8     35.71     8.77    32.32
        DL      MobileNetV3      3 Meeting room      8     46.43     8.40    44.77
        DL         ResNet18      3 Meeting room      8     73.93    10.49    72.58
        DL      Transformer      3 Meeting room      8     28.57    12.73    25.01
        ML               LR      3 Meeting room      8     17.14     4.71    13.86
        ML               RF      3 Meeting room      8     30.89     8.40    27.43
        ML              SVM      3 Meeting room      8     27.50     6.00    22.01

Comparison vs paper (rounded):
model_type            model  scene   scene_name  folds  acc_mean  acc_std  f1_mean  paper_acc_mean  paper_acc_std  paper_f1_mean  delta_acc_mean  delta_acc_std  delta_f1_mean
        DL              CNN      3 Meeting room      8     45.18     9.93    43.27           48.26          11.14          42.70           -3.08          -1.21           0.57
        DL EfficientNetLite      3 Meeting room      8     61.96     8.19    60.25           61.98           5.14          57.93           -0.02           3.05           2.32
        DL              GRU      3 Meeting room      8     26.79     7.35    23.19           34.55           4.21          31.17           -7.76           3.14          -7.98
        DL             LSTM      3 Meeting room      8     35.71     8.77    32.32           36.20          12.04          33.84           -0.49          -3.27          -1.52
        DL      MobileNetV3      3 Meeting room      8     46.43     8.40    44.77           53.28          15.18          46.80           -6.85          -6.78          -2.03
        DL         ResNet18      3 Meeting room      8     73.93    10.49    72.58           65.53          18.22          61.26            8.40          -7.73          11.32
        DL      Transformer      3 Meeting room      8     28.57    12.73    25.01           47.51          10.71          42.43          -18.94           2.02         -17.42
        ML               LR      3 Meeting room      8     17.14     4.71    13.86           16.43           5.05          12.66            0.71          -0.34           1.20
        ML               RF      3 Meeting room      8     30.89     8.40    27.43           24.64          12.37          21.82            6.25          -3.97           5.61
        ML              SVM      3 Meeting room      8     27.50     6.00    22.01           20.00           9.20          15.83            7.50          -3.20           6.18
